<?xml version="1.0" encoding="UTF-8"?>
<testng-results ignored="0" total="1" passed="1" failed="0" skipped="0">
  <reporter-output>
  </reporter-output>
  <suite started-at="2023-04-14T15:19:39 EDT" name="Default suite" finished-at="2023-04-14T15:19:44 EDT" duration-ms="4922">
    <groups>
    </groups>
    <test started-at="2023-04-14T15:19:39 EDT" name="Default test" finished-at="2023-04-14T15:19:44 EDT" duration-ms="4922">
      <class name="testCases.SampleTest">
        <test-method signature="login()[pri:0, instance:testCases.SampleTest@42c28305]" started-at="2023-04-14T15:19:39 EDT" name="login" finished-at="2023-04-14T15:19:44 EDT" duration-ms="4851" status="PASS">
          <reporter-output>
          </reporter-output>
        </test-method> <!-- login -->
      </class> <!-- testCases.SampleTest -->
    </test> <!-- Default test -->
  </suite> <!-- Default suite -->
</testng-results>
