<?xml version="1.0" encoding="UTF-8"?>
<testng-results ignored="0" total="1" passed="1" failed="0" skipped="0">
  <reporter-output>
  </reporter-output>
  <suite started-at="2023-04-14T09:46:29 EDT" name="Default suite" finished-at="2023-04-14T09:46:33 EDT" duration-ms="4405">
    <groups>
    </groups>
    <test started-at="2023-04-14T09:46:29 EDT" name="Default test" finished-at="2023-04-14T09:46:33 EDT" duration-ms="4405">
      <class name="testCases.SAMPLE_TEST">
        <test-method signature="login()[pri:0, instance:testCases.SAMPLE_TEST@5e671e20]" started-at="2023-04-14T09:46:29 EDT" name="login" finished-at="2023-04-14T09:46:33 EDT" duration-ms="4346" status="PASS">
          <reporter-output>
          </reporter-output>
        </test-method> <!-- login -->
      </class> <!-- testCases.SAMPLE_TEST -->
    </test> <!-- Default test -->
  </suite> <!-- Default suite -->
</testng-results>
